# JRE version: OpenJDK Runtime Environment (17.0.6) (build 17.0.6+0-b2043.56-10027231)
# Java VM: OpenJDK 64-Bit Server VM (17.0.6+0-b2043.56-10027231, mixed mode, tiered, compressed oops, compressed class ptrs, g1 gc, windows-amd64)
GC Precious Log:
 CPUs: 8 total, 8 available
 Memory: 7873M
 Large Page Support: Disabled
 NUMA Support: Disabled
 Compressed Oops: Enabled (32-bit)
 Heap Region Size: 1M
 Heap Min Capacity: 8M
 Heap Initial Capacity: 124M
 Heap Max Capacity: 2G
 Pre-touch: Disabled
 Parallel Workers: 8
 Concurrent Workers: 2
 Concurrent Refinement Workers: 8
 Periodic GC: Disabled
Heap:
 garbage-first heap   total 362496K, used 165474K [0x0000000080000000, 0x0000000100000000)
  region size 1024K, 6 young (6144K), 6 survivors (6144K)
 Metaspace       used 170124K, committed 172480K, reserved 1204224K
  class space    used 21934K, committed 23168K, reserved 1048576K
GC Heap History (20 events):
Event: 17885.097 GC heap after
{Heap after GC invocations=179 (full 1):
 garbage-first heap   total 362496K, used 129225K [0x0000000080000000, 0x0000000100000000)
  region size 1024K, 3 young (3072K), 3 survivors (3072K)
 Metaspace       used 169249K, committed 172480K, reserved 1204224K
  class space    used 21849K, committed 23168K, reserved 1048576K
}
Event: 17885.513 GC heap before
{Heap before GC invocations=179 (full 1):
 garbage-first heap   total 362496K, used 166089K [0x0000000080000000, 0x0000000100000000)
  region size 1024K, 40 young (40960K), 3 survivors (3072K)
 Metaspace       used 169253K, committed 172480K, reserved 1204224K
  class space    used 21849K, committed 23168K, reserved 1048576K
}
Event: 17885.576 GC heap after
{Heap after GC invocations=180 (full 1):
 garbage-first heap   total 362496K, used 149212K [0x0000000080000000, 0x0000000100000000)
  region size 1024K, 7 young (7168K), 7 survivors (7168K)
 Metaspace       used 169253K, committed 172480K, reserved 1204224K
  class space    used 21849K, committed 23168K, reserved 1048576K
}
Event: 17890.158 GC heap before
{Heap before GC invocations=181 (full 1):
 garbage-first heap   total 362496K, used 250588K [0x0000000080000000, 0x0000000100000000)
  region size 1024K, 92 young (94208K), 7 survivors (7168K)
 Metaspace       used 169297K, committed 172480K, reserved 1204224K
  class space    used 21847K, committed 23168K, reserved 1048576K
}
Event: 17890.177 GC heap after
{Heap after GC invocations=182 (full 1):
 garbage-first heap   total 362496K, used 153980K [0x0000000080000000, 0x0000000100000000)
  region size 1024K, 6 young (6144K), 6 survivors (6144K)
 Metaspace       used 169297K, committed 172480K, reserved 1204224K
  class space    used 21847K, committed 23168K, reserved 1048576K
}
Event: 17890.399 GC heap before
{Heap before GC invocations=182 (full 1):
 garbage-first heap   total 362496K, used 165244K [0x0000000080000000, 0x0000000100000000)
  region size 1024K, 17 young (17408K), 6 survivors (6144K)
 Metaspace       used 169387K, committed 172480K, reserved 1204224K
  class space    used 21849K, committed 23168K, reserved 1048576K
}
Event: 17890.413 GC heap after
{Heap after GC invocations=183 (full 1):
 garbage-first heap   total 362496K, used 155210K [0x0000000080000000, 0x0000000100000000)
  region size 1024K, 2 young (2048K), 2 survivors (2048K)
 Metaspace       used 169387K, committed 172480K, reserved 1204224K
  class space    used 21849K, committed 23168K, reserved 1048576K
}
Event: 17899.306 GC heap before
{Heap before GC invocations=183 (full 1):
 garbage-first heap   total 362496K, used 208458K [0x0000000080000000, 0x0000000100000000)
  region size 1024K, 55 young (56320K), 2 survivors (2048K)
 Metaspace       used 169733K, committed 172480K, reserved 1204224K
  class space    used 21891K, committed 23168K, reserved 1048576K
}
Event: 17899.324 GC heap after
{Heap after GC invocations=184 (full 1):
 garbage-first heap   total 362496K, used 159931K [0x0000000080000000, 0x0000000100000000)
  region size 1024K, 7 young (7168K), 7 survivors (7168K)
 Metaspace       used 169733K, committed 172480K, reserved 1204224K
  class space    used 21891K, committed 23168K, reserved 1048576K
}
Event: 17900.008 GC heap before
{Heap before GC invocations=185 (full 1):
 garbage-first heap   total 362496K, used 232635K [0x0000000080000000, 0x0000000100000000)
  region size 1024K, 100 young (102400K), 7 survivors (7168K)
 Metaspace       used 169824K, committed 172480K, reserved 1204224K
  class space    used 21891K, committed 23168K, reserved 1048576K
}
Event: 17900.030 GC heap after
{Heap after GC invocations=186 (full 1):
 garbage-first heap   total 362496K, used 139001K [0x0000000080000000, 0x0000000100000000)
  region size 1024K, 8 young (8192K), 8 survivors (8192K)
 Metaspace       used 169824K, committed 172480K, reserved 1204224K
  class space    used 21891K, committed 23168K, reserved 1048576K
}
Event: 17900.051 GC heap before
{Heap before GC invocations=186 (full 1):
 garbage-first heap   total 362496K, used 147193K [0x0000000080000000, 0x0000000100000000)
  region size 1024K, 17 young (17408K), 8 survivors (8192K)
 Metaspace       used 169826K, committed 172480K, reserved 1204224K
  class space    used 21891K, committed 23168K, reserved 1048576K
}
Event: 17900.060 GC heap after
{Heap after GC invocations=187 (full 1):
 garbage-first heap   total 362496K, used 132799K [0x0000000080000000, 0x0000000100000000)
  region size 1024K, 1 young (1024K), 1 survivors (1024K)
 Metaspace       used 169826K, committed 172480K, reserved 1204224K
  class space    used 21891K, committed 23168K, reserved 1048576K
}
Event: 17900.361 GC heap before
{Heap before GC invocations=187 (full 1):
 garbage-first heap   total 362496K, used 158399K [0x0000000080000000, 0x0000000100000000)
  region size 1024K, 28 young (28672K), 1 survivors (1024K)
 Metaspace       used 169896K, committed 172480K, reserved 1204224K
  class space    used 21900K, committed 23168K, reserved 1048576K
}
Event: 17900.365 GC heap after
{Heap after GC invocations=188 (full 1):
 garbage-first heap   total 362496K, used 132971K [0x0000000080000000, 0x0000000100000000)
  region size 1024K, 2 young (2048K), 2 survivors (2048K)
 Metaspace       used 169896K, committed 172480K, reserved 1204224K
  class space    used 21900K, committed 23168K, reserved 1048576K
}
Event: 18191.619 GC heap before
{Heap before GC invocations=189 (full 1):
 garbage-first heap   total 362496K, used 297835K [0x0000000080000000, 0x0000000100000000)
  region size 1024K, 128 young (131072K), 2 survivors (2048K)
 Metaspace       used 170124K, committed 172480K, reserved 1204224K
  class space    used 21934K, committed 23168K, reserved 1048576K
}
Event: 18191.888 GC heap after
{Heap after GC invocations=190 (full 1):
 garbage-first heap   total 362496K, used 160719K [0x0000000080000000, 0x0000000100000000)
  region size 1024K, 16 young (16384K), 16 survivors (16384K)
 Metaspace       used 170124K, committed 172480K, reserved 1204224K
  class space    used 21934K, committed 23168K, reserved 1048576K
}
Event: 18191.905 GC heap before
{Heap before GC invocations=190 (full 1):
 garbage-first heap   total 362496K, used 161743K [0x0000000080000000, 0x0000000100000000)
  region size 1024K, 17 young (17408K), 16 survivors (16384K)
 Metaspace       used 170124K, committed 172480K, reserved 1204224K
  class space    used 21934K, committed 23168K, reserved 1048576K
}
Event: 18192.051 GC heap after
{Heap after GC invocations=191 (full 1):
 garbage-first heap   total 362496K, used 162097K [0x0000000080000000, 0x0000000100000000)
  region size 1024K, 2 young (2048K), 2 survivors (2048K)
 Metaspace       used 170124K, committed 172480K, reserved 1204224K
  class space    used 21934K, committed 23168K, reserved 1048576K
}
Event: 18192.094 GC heap before
{Heap before GC invocations=191 (full 1):
 garbage-first heap   total 362496K, used 166193K [0x0000000080000000, 0x0000000100000000)
  region size 1024K, 7 young (7168K), 2 survivors (2048K)
 Metaspace       used 170124K, committed 172480K, reserved 1204224K
  class space    used 21934K, committed 23168K, reserved 1048576K
}

